2012/10/15 01:02:07 [trace] [system.CModule] Loading "log" application component
in /home/harcos/Works/workspaces/php/TrackStarApplication/index.php (16)
2012/10/15 01:02:07 [trace] [system.CModule] Loading "request" application component
in /home/harcos/Works/workspaces/php/TrackStarApplication/index.php (16)
2012/10/15 01:02:07 [trace] [system.CModule] Loading "urlManager" application component
in /home/harcos/Works/workspaces/php/TrackStarApplication/index.php (16)
2012/10/15 01:02:07 [trace] [system.CModule] Loading "widgetFactory" application component
in /home/harcos/Works/workspaces/php/TrackStarApplication/protected/views/layouts/column1.php (2)
in /home/harcos/Works/workspaces/php/TrackStarApplication/protected/controllers/SiteController.php (32)
in /home/harcos/Works/workspaces/php/TrackStarApplication/index.php (16)
2012/10/15 01:02:07 [trace] [system.CModule] Loading "user" application component
in /home/harcos/Works/workspaces/php/TrackStarApplication/protected/views/layouts/main.php (35)
in /home/harcos/Works/workspaces/php/TrackStarApplication/protected/views/layouts/column1.php (6)
in /home/harcos/Works/workspaces/php/TrackStarApplication/protected/controllers/SiteController.php (32)
2012/10/15 01:02:07 [trace] [system.CModule] Loading "session" application component
in /home/harcos/Works/workspaces/php/TrackStarApplication/protected/views/layouts/main.php (35)
in /home/harcos/Works/workspaces/php/TrackStarApplication/protected/views/layouts/column1.php (6)
in /home/harcos/Works/workspaces/php/TrackStarApplication/protected/controllers/SiteController.php (32)
2012/10/15 01:02:07 [trace] [system.CModule] Loading "coreMessages" application component
in /home/harcos/Works/workspaces/php/TrackStarApplication/protected/views/layouts/main.php (53)
in /home/harcos/Works/workspaces/php/TrackStarApplication/protected/views/layouts/column1.php (6)
in /home/harcos/Works/workspaces/php/TrackStarApplication/protected/controllers/SiteController.php (32)
2012/10/15 01:02:07 [trace] [system.CModule] Loading "clientScript" application component
in /home/harcos/Works/workspaces/php/TrackStarApplication/protected/controllers/SiteController.php (32)
in /home/harcos/Works/workspaces/php/TrackStarApplication/index.php (16)
2012/10/15 01:02:30 [trace] [system.CModule] Loading "log" application component
in /home/harcos/Works/workspaces/php/TrackStarApplication/index.php (16)
2012/10/15 01:02:30 [trace] [system.CModule] Loading "request" application component
in /home/harcos/Works/workspaces/php/TrackStarApplication/index.php (16)
2012/10/15 01:02:30 [trace] [system.CModule] Loading "urlManager" application component
in /home/harcos/Works/workspaces/php/TrackStarApplication/index.php (16)
2012/10/15 01:02:30 [trace] [system.CModule] Loading "widgetFactory" application component
in /home/harcos/Works/workspaces/php/TrackStarApplication/protected/views/layouts/column1.php (2)
in /home/harcos/Works/workspaces/php/TrackStarApplication/protected/controllers/SiteController.php (32)
in /home/harcos/Works/workspaces/php/TrackStarApplication/index.php (16)
2012/10/15 01:02:30 [trace] [system.CModule] Loading "user" application component
in /home/harcos/Works/workspaces/php/TrackStarApplication/protected/views/layouts/main.php (35)
in /home/harcos/Works/workspaces/php/TrackStarApplication/protected/views/layouts/column1.php (6)
in /home/harcos/Works/workspaces/php/TrackStarApplication/protected/controllers/SiteController.php (32)
2012/10/15 01:02:30 [trace] [system.CModule] Loading "session" application component
in /home/harcos/Works/workspaces/php/TrackStarApplication/protected/views/layouts/main.php (35)
in /home/harcos/Works/workspaces/php/TrackStarApplication/protected/views/layouts/column1.php (6)
in /home/harcos/Works/workspaces/php/TrackStarApplication/protected/controllers/SiteController.php (32)
2012/10/15 01:02:30 [trace] [system.CModule] Loading "coreMessages" application component
in /home/harcos/Works/workspaces/php/TrackStarApplication/protected/views/layouts/main.php (53)
in /home/harcos/Works/workspaces/php/TrackStarApplication/protected/views/layouts/column1.php (6)
in /home/harcos/Works/workspaces/php/TrackStarApplication/protected/controllers/SiteController.php (32)
2012/10/15 01:02:30 [trace] [system.CModule] Loading "clientScript" application component
in /home/harcos/Works/workspaces/php/TrackStarApplication/protected/controllers/SiteController.php (32)
in /home/harcos/Works/workspaces/php/TrackStarApplication/index.php (16)
2012/10/15 01:08:06 [trace] [system.CModule] Loading "log" application component
in /home/harcos/Works/workspaces/php/TrackStarApplication/index.php (16)
2012/10/15 01:08:06 [trace] [system.CModule] Loading "request" application component
in /home/harcos/Works/workspaces/php/TrackStarApplication/index.php (16)
2012/10/15 01:08:06 [trace] [system.CModule] Loading "urlManager" application component
in /home/harcos/Works/workspaces/php/TrackStarApplication/index.php (16)
2012/10/15 01:08:06 [trace] [system.CModule] Loading "widgetFactory" application component
in /home/harcos/Works/workspaces/php/TrackStarApplication/protected/views/layouts/column1.php (2)
in /home/harcos/Works/workspaces/php/TrackStarApplication/protected/controllers/SiteController.php (32)
in /home/harcos/Works/workspaces/php/TrackStarApplication/index.php (16)
2012/10/15 01:08:06 [trace] [system.CModule] Loading "user" application component
in /home/harcos/Works/workspaces/php/TrackStarApplication/protected/views/layouts/main.php (35)
in /home/harcos/Works/workspaces/php/TrackStarApplication/protected/views/layouts/column1.php (6)
in /home/harcos/Works/workspaces/php/TrackStarApplication/protected/controllers/SiteController.php (32)
2012/10/15 01:08:06 [trace] [system.CModule] Loading "session" application component
in /home/harcos/Works/workspaces/php/TrackStarApplication/protected/views/layouts/main.php (35)
in /home/harcos/Works/workspaces/php/TrackStarApplication/protected/views/layouts/column1.php (6)
in /home/harcos/Works/workspaces/php/TrackStarApplication/protected/controllers/SiteController.php (32)
2012/10/15 01:08:06 [trace] [system.CModule] Loading "coreMessages" application component
in /home/harcos/Works/workspaces/php/TrackStarApplication/protected/views/layouts/main.php (53)
in /home/harcos/Works/workspaces/php/TrackStarApplication/protected/views/layouts/column1.php (6)
in /home/harcos/Works/workspaces/php/TrackStarApplication/protected/controllers/SiteController.php (32)
2012/10/15 01:08:06 [trace] [system.CModule] Loading "clientScript" application component
in /home/harcos/Works/workspaces/php/TrackStarApplication/protected/controllers/SiteController.php (32)
in /home/harcos/Works/workspaces/php/TrackStarApplication/index.php (16)
2012/10/15 01:31:26 [trace] [system.CModule] Loading "log" application component
in /home/harcos/Works/workspaces/php/TrackStarApplication/index.php (16)
2012/10/15 01:31:26 [trace] [system.CModule] Loading "request" application component
in /home/harcos/Works/workspaces/php/TrackStarApplication/index.php (16)
2012/10/15 01:31:26 [trace] [system.CModule] Loading "urlManager" application component
in /home/harcos/Works/workspaces/php/TrackStarApplication/index.php (16)
2012/10/15 01:31:26 [trace] [system.CModule] Loading "widgetFactory" application component
in /home/harcos/Works/workspaces/php/TrackStarApplication/protected/views/layouts/column1.php (2)
in /home/harcos/Works/workspaces/php/TrackStarApplication/protected/controllers/SiteController.php (32)
in /home/harcos/Works/workspaces/php/TrackStarApplication/index.php (16)
2012/10/15 01:31:26 [trace] [system.CModule] Loading "user" application component
in /home/harcos/Works/workspaces/php/TrackStarApplication/protected/views/layouts/main.php (35)
in /home/harcos/Works/workspaces/php/TrackStarApplication/protected/views/layouts/column1.php (6)
in /home/harcos/Works/workspaces/php/TrackStarApplication/protected/controllers/SiteController.php (32)
2012/10/15 01:31:26 [trace] [system.CModule] Loading "session" application component
in /home/harcos/Works/workspaces/php/TrackStarApplication/protected/views/layouts/main.php (35)
in /home/harcos/Works/workspaces/php/TrackStarApplication/protected/views/layouts/column1.php (6)
in /home/harcos/Works/workspaces/php/TrackStarApplication/protected/controllers/SiteController.php (32)
2012/10/15 01:31:26 [trace] [system.CModule] Loading "coreMessages" application component
in /home/harcos/Works/workspaces/php/TrackStarApplication/protected/views/layouts/main.php (53)
in /home/harcos/Works/workspaces/php/TrackStarApplication/protected/views/layouts/column1.php (6)
in /home/harcos/Works/workspaces/php/TrackStarApplication/protected/controllers/SiteController.php (32)
2012/10/15 01:31:26 [trace] [system.CModule] Loading "clientScript" application component
in /home/harcos/Works/workspaces/php/TrackStarApplication/protected/controllers/SiteController.php (32)
in /home/harcos/Works/workspaces/php/TrackStarApplication/index.php (16)
